<?xml version="1.0" encoding="UTF-8"?>
<coverage generated="1582410229742" clover="3.2.0">
  <project timestamp="1582410229742" name="All files">
    <metrics statements="40" coveredstatements="5" conditionals="0" coveredconditionals="0" methods="18" coveredmethods="0" elements="58" coveredelements="5" complexity="0" loc="40" ncloc="40" packages="3" files="3" classes="3"/>
    <package name="App">
      <metrics statements="2" coveredstatements="2" conditionals="0" coveredconditionals="0" methods="0" coveredmethods="0"/>
      <file name="App.js" path="/Users/allisonwagner/mod4/Ballroom-Beats-UI/ballroom-beats/src/App/App.js">
        <metrics statements="2" coveredstatements="2" conditionals="0" coveredconditionals="0" methods="0" coveredmethods="0"/>
        <line num="13" count="1" type="stmt"/>
        <line num="53" count="1" type="stmt"/>
      </file>
    </package>
    <package name="components.Dances.Waltz">
      <metrics statements="22" coveredstatements="1" conditionals="0" coveredconditionals="0" methods="13" coveredmethods="0"/>
      <file name="Waltz.js" path="/Users/allisonwagner/mod4/Ballroom-Beats-UI/ballroom-beats/src/components/Dances/Waltz/Waltz.js">
        <metrics statements="22" coveredstatements="1" conditionals="0" coveredconditionals="0" methods="13" coveredmethods="0"/>
        <line num="13" count="0" type="stmt"/>
        <line num="40" count="0" type="stmt"/>
        <line num="41" count="0" type="stmt"/>
        <line num="42" count="0" type="stmt"/>
        <line num="56" count="0" type="stmt"/>
        <line num="57" count="0" type="stmt"/>
        <line num="59" count="0" type="stmt"/>
        <line num="61" count="0" type="stmt"/>
        <line num="73" count="0" type="stmt"/>
        <line num="74" count="0" type="stmt"/>
        <line num="114" count="0" type="stmt"/>
        <line num="115" count="0" type="stmt"/>
        <line num="117" count="0" type="stmt"/>
        <line num="120" count="0" type="stmt"/>
        <line num="141" count="0" type="stmt"/>
        <line num="161" count="0" type="stmt"/>
        <line num="186" count="0" type="stmt"/>
        <line num="206" count="0" type="stmt"/>
        <line num="227" count="0" type="stmt"/>
        <line num="253" count="0" type="stmt"/>
        <line num="257" count="0" type="stmt"/>
        <line num="271" count="3" type="stmt"/>
      </file>
    </package>
    <package name="components.Game">
      <metrics statements="16" coveredstatements="2" conditionals="0" coveredconditionals="0" methods="5" coveredmethods="0"/>
      <file name="Game.js" path="/Users/allisonwagner/mod4/Ballroom-Beats-UI/ballroom-beats/src/components/Game/Game.js">
        <metrics statements="16" coveredstatements="2" conditionals="0" coveredconditionals="0" methods="5" coveredmethods="0"/>
        <line num="12" count="0" type="stmt"/>
        <line num="13" count="0" type="stmt"/>
        <line num="14" count="0" type="stmt"/>
        <line num="17" count="0" type="stmt"/>
        <line num="19" count="0" type="stmt"/>
        <line num="23" count="0" type="stmt"/>
        <line num="24" count="0" type="stmt"/>
        <line num="26" count="0" type="stmt"/>
        <line num="29" count="0" type="stmt"/>
        <line num="30" count="0" type="stmt"/>
        <line num="33" count="0" type="stmt"/>
        <line num="34" count="0" type="stmt"/>
        <line num="35" count="0" type="stmt"/>
        <line num="39" count="0" type="stmt"/>
        <line num="56" count="3" type="stmt"/>
        <line num="62" count="3" type="stmt"/>
      </file>
    </package>
  </project>
</coverage>
