{"/Users/amandasierralopez/Turing/Mod-4/ballroom-beats/ballroom-beats/App.js": {"path":"/Users/amandasierralopez/Turing/Mod-4/ballroom-beats/ballroom-beats/App.js","statementMap":{"0":{"start":{"line":12,"column":22},"end":{"line":50,"column":2}},"1":{"start":{"line":52,"column":12},"end":{"line":52,"column":45}}},"fnMap":{},"branchMap":{},"s":{"0":1,"1":1},"f":{},"b":{},"_coverageSchema":"43e27e138ebf9cfc5966b082cf9a028302ed4184","hash":"a89fad0457bd57f83fd0e5b25436d55c93e95aaf"}
,"/Users/amandasierralopez/Turing/Mod-4/ballroom-beats/ballroom-beats/apiCalls.js": {"path":"/Users/amandasierralopez/Turing/Mod-4/ballroom-beats/ballroom-beats/apiCalls.js","statementMap":{},"fnMap":{},"branchMap":{},"s":{},"f":{},"b":{},"hash":"314a8007388fa9bdc7379abadca59eb3f7a59b01"}
,"/Users/amandasierralopez/Turing/Mod-4/ballroom-beats/ballroom-beats/setupTests.js": {"path":"/Users/amandasierralopez/Turing/Mod-4/ballroom-beats/ballroom-beats/setupTests.js","statementMap":{"0":{"start":{"line":4,"column":0},"end":{"line":4,"column":38}}},"fnMap":{},"branchMap":{},"s":{"0":0},"f":{},"b":{},"hash":"10a408495694c3ca69265c14c67dc08267690bac"}
,"/Users/amandasierralopez/Turing/Mod-4/ballroom-beats/ballroom-beats/src/components/AppNavigator/AppNavigator.js": {"path":"/Users/amandasierralopez/Turing/Mod-4/ballroom-beats/ballroom-beats/src/components/AppNavigator/AppNavigator.js","statementMap":{"0":{"start":{"line":12,"column":21},"end":{"line":23,"column":1}},"1":{"start":{"line":27,"column":4},"end":{"line":27,"column":28}}},"fnMap":{"0":{"name":"(anonymous_0)","decl":{"start":{"line":26,"column":2},"end":{"line":26,"column":3}},"loc":{"start":{"line":26,"column":11},"end":{"line":28,"column":3}},"line":26}},"branchMap":{},"s":{"0":1,"1":1},"f":{"0":1},"b":{},"_coverageSchema":"43e27e138ebf9cfc5966b082cf9a028302ed4184","hash":"351e7389ca60b81252175367fb05af4a45d119cf"}
,"/Users/amandasierralopez/Turing/Mod-4/ballroom-beats/ballroom-beats/src/components/DanceType/DanceType.js": {"path":"/Users/amandasierralopez/Turing/Mod-4/ballroom-beats/ballroom-beats/src/components/DanceType/DanceType.js","statementMap":{"0":{"start":{"line":10,"column":6},"end":{"line":21,"column":7}},"1":{"start":{"line":16,"column":31},"end":{"line":16,"column":73}},"2":{"start":{"line":25,"column":21},"end":{"line":29,"column":2}},"3":{"start":{"line":31,"column":15},"end":{"line":50,"column":2}}},"fnMap":{"0":{"name":"(anonymous_0)","decl":{"start":{"line":9,"column":2},"end":{"line":9,"column":3}},"loc":{"start":{"line":9,"column":11},"end":{"line":22,"column":3}},"line":9},"1":{"name":"(anonymous_1)","decl":{"start":{"line":16,"column":25},"end":{"line":16,"column":26}},"loc":{"start":{"line":16,"column":31},"end":{"line":16,"column":73}},"line":16}},"branchMap":{},"s":{"0":0,"1":0,"2":3,"3":3},"f":{"0":0,"1":0},"b":{},"_coverageSchema":"43e27e138ebf9cfc5966b082cf9a028302ed4184","hash":"322869efe39fe46e4283f98f407ae6afc47274df"}
,"/Users/amandasierralopez/Turing/Mod-4/ballroom-beats/ballroom-beats/src/components/End/End.js": {"path":"/Users/amandasierralopez/Turing/Mod-4/ballroom-beats/ballroom-beats/src/components/End/End.js","statementMap":{"0":{"start":{"line":9,"column":6},"end":{"line":19,"column":7}},"1":{"start":{"line":14,"column":31},"end":{"line":14,"column":74}},"2":{"start":{"line":23,"column":21},"end":{"line":27,"column":2}},"3":{"start":{"line":29,"column":15},"end":{"line":50,"column":2}}},"fnMap":{"0":{"name":"(anonymous_0)","decl":{"start":{"line":8,"column":2},"end":{"line":8,"column":3}},"loc":{"start":{"line":8,"column":11},"end":{"line":20,"column":3}},"line":8},"1":{"name":"(anonymous_1)","decl":{"start":{"line":14,"column":25},"end":{"line":14,"column":26}},"loc":{"start":{"line":14,"column":31},"end":{"line":14,"column":74}},"line":14}},"branchMap":{},"s":{"0":0,"1":0,"2":3,"3":3},"f":{"0":0,"1":0},"b":{},"_coverageSchema":"43e27e138ebf9cfc5966b082cf9a028302ed4184","hash":"546baf5c71317de9dd05168a857c2ffcbfa547c1"}
,"/Users/amandasierralopez/Turing/Mod-4/ballroom-beats/ballroom-beats/src/components/Game/Game.js": {"path":"/Users/amandasierralopez/Turing/Mod-4/ballroom-beats/ballroom-beats/src/components/Game/Game.js","statementMap":{"0":{"start":{"line":10,"column":6},"end":{"line":23,"column":7}},"1":{"start":{"line":17,"column":35},"end":{"line":17,"column":72}},"2":{"start":{"line":27,"column":21},"end":{"line":31,"column":2}},"3":{"start":{"line":33,"column":15},"end":{"line":54,"column":2}}},"fnMap":{"0":{"name":"(anonymous_0)","decl":{"start":{"line":9,"column":2},"end":{"line":9,"column":3}},"loc":{"start":{"line":9,"column":11},"end":{"line":24,"column":3}},"line":9},"1":{"name":"(anonymous_1)","decl":{"start":{"line":17,"column":29},"end":{"line":17,"column":30}},"loc":{"start":{"line":17,"column":35},"end":{"line":17,"column":72}},"line":17}},"branchMap":{},"s":{"0":0,"1":0,"2":3,"3":3},"f":{"0":0,"1":0},"b":{},"_coverageSchema":"43e27e138ebf9cfc5966b082cf9a028302ed4184","hash":"ded67d8fedc27746b65010122e3f8386e5f12d63"}
,"/Users/amandasierralopez/Turing/Mod-4/ballroom-beats/ballroom-beats/src/components/Home/Home.js": {"path":"/Users/amandasierralopez/Turing/Mod-4/ballroom-beats/ballroom-beats/src/components/Home/Home.js","statementMap":{"0":{"start":{"line":10,"column":6},"end":{"line":21,"column":7}},"1":{"start":{"line":16,"column":31},"end":{"line":16,"column":74}},"2":{"start":{"line":25,"column":21},"end":{"line":29,"column":2}},"3":{"start":{"line":31,"column":15},"end":{"line":50,"column":2}}},"fnMap":{"0":{"name":"(anonymous_0)","decl":{"start":{"line":9,"column":2},"end":{"line":9,"column":3}},"loc":{"start":{"line":9,"column":11},"end":{"line":22,"column":3}},"line":9},"1":{"name":"(anonymous_1)","decl":{"start":{"line":16,"column":25},"end":{"line":16,"column":26}},"loc":{"start":{"line":16,"column":31},"end":{"line":16,"column":74}},"line":16}},"branchMap":{},"s":{"0":1,"1":0,"2":3,"3":3},"f":{"0":1,"1":0},"b":{},"_coverageSchema":"43e27e138ebf9cfc5966b082cf9a028302ed4184","hash":"142bfb09ef3a800ed565958465241a7d01598541"}
,"/Users/amandasierralopez/Turing/Mod-4/ballroom-beats/ballroom-beats/src/components/Loader/Loader.js": {"path":"/Users/amandasierralopez/Turing/Mod-4/ballroom-beats/ballroom-beats/src/components/Loader/Loader.js","statementMap":{"0":{"start":{"line":10,"column":6},"end":{"line":29,"column":7}},"1":{"start":{"line":16,"column":35},"end":{"line":16,"column":77}},"2":{"start":{"line":22,"column":35},"end":{"line":22,"column":73}},"3":{"start":{"line":33,"column":21},"end":{"line":37,"column":2}},"4":{"start":{"line":39,"column":15},"end":{"line":70,"column":2}}},"fnMap":{"0":{"name":"(anonymous_0)","decl":{"start":{"line":9,"column":2},"end":{"line":9,"column":3}},"loc":{"start":{"line":9,"column":11},"end":{"line":30,"column":3}},"line":9},"1":{"name":"(anonymous_1)","decl":{"start":{"line":16,"column":29},"end":{"line":16,"column":30}},"loc":{"start":{"line":16,"column":35},"end":{"line":16,"column":77}},"line":16},"2":{"name":"(anonymous_2)","decl":{"start":{"line":22,"column":29},"end":{"line":22,"column":30}},"loc":{"start":{"line":22,"column":35},"end":{"line":22,"column":73}},"line":22}},"branchMap":{},"s":{"0":0,"1":0,"2":0,"3":3,"4":3},"f":{"0":0,"1":0,"2":0},"b":{},"_coverageSchema":"43e27e138ebf9cfc5966b082cf9a028302ed4184","hash":"a7a98086e9678cba148d825569183e862e6ea12b"}
,"/Users/amandasierralopez/Turing/Mod-4/ballroom-beats/ballroom-beats/src/components/Navbar/Navbar.js": {"path":"/Users/amandasierralopez/Turing/Mod-4/ballroom-beats/ballroom-beats/src/components/Navbar/Navbar.js","statementMap":{"0":{"start":{"line":9,"column":6},"end":{"line":13,"column":7}},"1":{"start":{"line":17,"column":21},"end":{"line":21,"column":2}},"2":{"start":{"line":23,"column":15},"end":{"line":30,"column":2}}},"fnMap":{"0":{"name":"(anonymous_0)","decl":{"start":{"line":8,"column":2},"end":{"line":8,"column":3}},"loc":{"start":{"line":8,"column":11},"end":{"line":14,"column":3}},"line":8}},"branchMap":{},"s":{"0":0,"1":1,"2":1},"f":{"0":0},"b":{},"_coverageSchema":"43e27e138ebf9cfc5966b082cf9a028302ed4184","hash":"ca03f1dcc7471c7adb1e16d07687ff1ed3aee0f0"}
,"/Users/amandasierralopez/Turing/Mod-4/ballroom-beats/ballroom-beats/src/components/Score/Score.js": {"path":"/Users/amandasierralopez/Turing/Mod-4/ballroom-beats/ballroom-beats/src/components/Score/Score.js","statementMap":{"0":{"start":{"line":4,"column":21},"end":{"line":10,"column":1}},"1":{"start":{"line":5,"column":2},"end":{"line":9,"column":4}},"2":{"start":{"line":12,"column":15},"end":{"line":19,"column":2}}},"fnMap":{"0":{"name":"(anonymous_0)","decl":{"start":{"line":4,"column":21},"end":{"line":4,"column":22}},"loc":{"start":{"line":4,"column":27},"end":{"line":10,"column":1}},"line":4}},"branchMap":{},"s":{"0":1,"1":1,"2":1},"f":{"0":1},"b":{},"_coverageSchema":"43e27e138ebf9cfc5966b082cf9a028302ed4184","hash":"9572e4563ec72d58eac3f5168224e461cced4357"}
,"/Users/amandasierralopez/Turing/Mod-4/ballroom-beats/ballroom-beats/src/components/SongPick/SongPick.js": {"path":"/Users/amandasierralopez/Turing/Mod-4/ballroom-beats/ballroom-beats/src/components/SongPick/SongPick.js","statementMap":{"0":{"start":{"line":10,"column":6},"end":{"line":28,"column":7}},"1":{"start":{"line":16,"column":35},"end":{"line":16,"column":78}},"2":{"start":{"line":22,"column":35},"end":{"line":22,"column":75}},"3":{"start":{"line":32,"column":21},"end":{"line":36,"column":2}},"4":{"start":{"line":38,"column":15},"end":{"line":69,"column":2}}},"fnMap":{"0":{"name":"(anonymous_0)","decl":{"start":{"line":9,"column":2},"end":{"line":9,"column":3}},"loc":{"start":{"line":9,"column":11},"end":{"line":29,"column":3}},"line":9},"1":{"name":"(anonymous_1)","decl":{"start":{"line":16,"column":29},"end":{"line":16,"column":30}},"loc":{"start":{"line":16,"column":35},"end":{"line":16,"column":78}},"line":16},"2":{"name":"(anonymous_2)","decl":{"start":{"line":22,"column":29},"end":{"line":22,"column":30}},"loc":{"start":{"line":22,"column":35},"end":{"line":22,"column":75}},"line":22}},"branchMap":{},"s":{"0":0,"1":0,"2":0,"3":3,"4":3},"f":{"0":0,"1":0,"2":0},"b":{},"_coverageSchema":"43e27e138ebf9cfc5966b082cf9a028302ed4184","hash":"135f9b54769245ef1180eb1f7252ae502baab1cd"}
,"/Users/amandasierralopez/Turing/Mod-4/ballroom-beats/ballroom-beats/src/components/SongPlayer/SongPlayer.js": {"path":"/Users/amandasierralopez/Turing/Mod-4/ballroom-beats/ballroom-beats/src/components/SongPlayer/SongPlayer.js","statementMap":{"0":{"start":{"line":4,"column":26},"end":{"line":10,"column":1}},"1":{"start":{"line":5,"column":2},"end":{"line":9,"column":4}},"2":{"start":{"line":12,"column":15},"end":{"line":19,"column":2}}},"fnMap":{"0":{"name":"(anonymous_0)","decl":{"start":{"line":4,"column":26},"end":{"line":4,"column":27}},"loc":{"start":{"line":4,"column":32},"end":{"line":10,"column":1}},"line":4}},"branchMap":{},"s":{"0":1,"1":1,"2":1},"f":{"0":1},"b":{},"_coverageSchema":"43e27e138ebf9cfc5966b082cf9a028302ed4184","hash":"49b0cb3fbc9bab75bdd346c32eff88b57f6eed94"}
,"/Users/amandasierralopez/Turing/Mod-4/ballroom-beats/ballroom-beats/web-build/register-service-worker.js": {"path":"/Users/amandasierralopez/Turing/Mod-4/ballroom-beats/ballroom-beats/web-build/register-service-worker.js","statementMap":{"0":{"start":{"line":3,"column":0},"end":{"line":14,"column":1}},"1":{"start":{"line":4,"column":2},"end":{"line":13,"column":5}},"2":{"start":{"line":5,"column":4},"end":{"line":12,"column":9}},"3":{"start":{"line":11,"column":8},"end":{"line":11,"column":65}}},"fnMap":{"0":{"name":"(anonymous_0)","decl":{"start":{"line":4,"column":34},"end":{"line":4,"column":35}},"loc":{"start":{"line":4,"column":45},"end":{"line":13,"column":3}},"line":4},"1":{"name":"(anonymous_1)","decl":{"start":{"line":7,"column":12},"end":{"line":7,"column":13}},"loc":{"start":{"line":7,"column":27},"end":{"line":9,"column":7}},"line":7},"2":{"name":"(anonymous_2)","decl":{"start":{"line":10,"column":13},"end":{"line":10,"column":14}},"loc":{"start":{"line":10,"column":29},"end":{"line":12,"column":7}},"line":10}},"branchMap":{"0":{"loc":{"start":{"line":3,"column":0},"end":{"line":14,"column":1}},"type":"if","locations":[{"start":{"line":3,"column":0},"end":{"line":14,"column":1}},{"start":{"line":3,"column":0},"end":{"line":14,"column":1}}],"line":3}},"s":{"0":0,"1":0,"2":0,"3":0},"f":{"0":0,"1":0,"2":0},"b":{"0":[0,0]},"hash":"77621422575034fb0b67557cffd4039f8b13c3a4"}
}
