{"/Users/amandasierralopez/Turing/Mod-4/ballroom-beats/ballroom-beats/src/components/Score/Score.js": {"path":"/Users/amandasierralopez/Turing/Mod-4/ballroom-beats/ballroom-beats/src/components/Score/Score.js","statementMap":{"0":{"start":{"line":4,"column":21},"end":{"line":10,"column":1}},"1":{"start":{"line":5,"column":2},"end":{"line":9,"column":4}},"2":{"start":{"line":12,"column":15},"end":{"line":19,"column":2}}},"fnMap":{"0":{"name":"(anonymous_0)","decl":{"start":{"line":4,"column":21},"end":{"line":4,"column":22}},"loc":{"start":{"line":4,"column":27},"end":{"line":10,"column":1}},"line":4}},"branchMap":{},"s":{"0":1,"1":1,"2":1},"f":{"0":1},"b":{},"_coverageSchema":"43e27e138ebf9cfc5966b082cf9a028302ed4184","hash":"9572e4563ec72d58eac3f5168224e461cced4357"}
,"/Users/amandasierralopez/Turing/Mod-4/ballroom-beats/ballroom-beats/src/components/SongPlayer/SongPlayer.js": {"path":"/Users/amandasierralopez/Turing/Mod-4/ballroom-beats/ballroom-beats/src/components/SongPlayer/SongPlayer.js","statementMap":{"0":{"start":{"line":4,"column":26},"end":{"line":10,"column":1}},"1":{"start":{"line":5,"column":2},"end":{"line":9,"column":4}},"2":{"start":{"line":12,"column":15},"end":{"line":19,"column":2}}},"fnMap":{"0":{"name":"(anonymous_0)","decl":{"start":{"line":4,"column":26},"end":{"line":4,"column":27}},"loc":{"start":{"line":4,"column":32},"end":{"line":10,"column":1}},"line":4}},"branchMap":{},"s":{"0":1,"1":1,"2":1},"f":{"0":1},"b":{},"_coverageSchema":"43e27e138ebf9cfc5966b082cf9a028302ed4184","hash":"49b0cb3fbc9bab75bdd346c32eff88b57f6eed94"}
}
