TN:
SF:/Users/amandasierralopez/Turing/Mod-4/ballroom-beats/ballroom-beats/App.js
FNF:0
FNH:0
DA:12,1
DA:52,1
LF:2
LH:2
BRF:0
BRH:0
end_of_record
TN:
SF:/Users/amandasierralopez/Turing/Mod-4/ballroom-beats/ballroom-beats/apiCalls.js
FNF:0
FNH:0
LF:0
LH:0
BRF:0
BRH:0
end_of_record
TN:
SF:/Users/amandasierralopez/Turing/Mod-4/ballroom-beats/ballroom-beats/setupTests.js
FNF:0
FNH:0
DA:4,0
LF:1
LH:0
BRF:0
BRH:0
end_of_record
TN:
SF:/Users/amandasierralopez/Turing/Mod-4/ballroom-beats/ballroom-beats/src/components/AppNavigator/AppNavigator.js
FN:26,(anonymous_0)
FNF:1
FNH:1
FNDA:1,(anonymous_0)
DA:12,1
DA:27,1
LF:2
LH:2
BRF:0
BRH:0
end_of_record
TN:
SF:/Users/amandasierralopez/Turing/Mod-4/ballroom-beats/ballroom-beats/src/components/DanceType/DanceType.js
FN:9,(anonymous_0)
FN:16,(anonymous_1)
FNF:2
FNH:0
FNDA:0,(anonymous_0)
FNDA:0,(anonymous_1)
DA:10,0
DA:16,0
DA:25,3
DA:31,3
LF:4
LH:2
BRF:0
BRH:0
end_of_record
TN:
SF:/Users/amandasierralopez/Turing/Mod-4/ballroom-beats/ballroom-beats/src/components/End/End.js
FN:8,(anonymous_0)
FN:14,(anonymous_1)
FNF:2
FNH:0
FNDA:0,(anonymous_0)
FNDA:0,(anonymous_1)
DA:9,0
DA:14,0
DA:23,3
DA:29,3
LF:4
LH:2
BRF:0
BRH:0
end_of_record
TN:
SF:/Users/amandasierralopez/Turing/Mod-4/ballroom-beats/ballroom-beats/src/components/Game/Game.js
FN:9,(anonymous_0)
FN:17,(anonymous_1)
FNF:2
FNH:0
FNDA:0,(anonymous_0)
FNDA:0,(anonymous_1)
DA:10,0
DA:17,0
DA:27,3
DA:33,3
LF:4
LH:2
BRF:0
BRH:0
end_of_record
TN:
SF:/Users/amandasierralopez/Turing/Mod-4/ballroom-beats/ballroom-beats/src/components/Home/Home.js
FN:9,(anonymous_0)
FN:16,(anonymous_1)
FNF:2
FNH:1
FNDA:1,(anonymous_0)
FNDA:0,(anonymous_1)
DA:10,1
DA:16,0
DA:25,3
DA:31,3
LF:4
LH:3
BRF:0
BRH:0
end_of_record
TN:
SF:/Users/amandasierralopez/Turing/Mod-4/ballroom-beats/ballroom-beats/src/components/Loader/Loader.js
FN:9,(anonymous_0)
FN:16,(anonymous_1)
FN:22,(anonymous_2)
FNF:3
FNH:0
FNDA:0,(anonymous_0)
FNDA:0,(anonymous_1)
FNDA:0,(anonymous_2)
DA:10,0
DA:16,0
DA:22,0
DA:33,3
DA:39,3
LF:5
LH:2
BRF:0
BRH:0
end_of_record
TN:
SF:/Users/amandasierralopez/Turing/Mod-4/ballroom-beats/ballroom-beats/src/components/Navbar/Navbar.js
FN:8,(anonymous_0)
FNF:1
FNH:0
FNDA:0,(anonymous_0)
DA:9,0
DA:17,1
DA:23,1
LF:3
LH:2
BRF:0
BRH:0
end_of_record
TN:
SF:/Users/amandasierralopez/Turing/Mod-4/ballroom-beats/ballroom-beats/src/components/Score/Score.js
FN:4,(anonymous_0)
FNF:1
FNH:1
FNDA:1,(anonymous_0)
DA:4,1
DA:5,1
DA:12,1
LF:3
LH:3
BRF:0
BRH:0
end_of_record
TN:
SF:/Users/amandasierralopez/Turing/Mod-4/ballroom-beats/ballroom-beats/src/components/SongPick/SongPick.js
FN:9,(anonymous_0)
FN:16,(anonymous_1)
FN:22,(anonymous_2)
FNF:3
FNH:0
FNDA:0,(anonymous_0)
FNDA:0,(anonymous_1)
FNDA:0,(anonymous_2)
DA:10,0
DA:16,0
DA:22,0
DA:32,3
DA:38,3
LF:5
LH:2
BRF:0
BRH:0
end_of_record
TN:
SF:/Users/amandasierralopez/Turing/Mod-4/ballroom-beats/ballroom-beats/src/components/SongPlayer/SongPlayer.js
FN:4,(anonymous_0)
FNF:1
FNH:1
FNDA:1,(anonymous_0)
DA:4,1
DA:5,1
DA:12,1
LF:3
LH:3
BRF:0
BRH:0
end_of_record
TN:
SF:/Users/amandasierralopez/Turing/Mod-4/ballroom-beats/ballroom-beats/web-build/register-service-worker.js
FN:4,(anonymous_0)
FN:7,(anonymous_1)
FN:10,(anonymous_2)
FNF:3
FNH:0
FNDA:0,(anonymous_0)
FNDA:0,(anonymous_1)
FNDA:0,(anonymous_2)
DA:3,0
DA:4,0
DA:5,0
DA:11,0
LF:4
LH:0
BRDA:3,0,0,0
BRDA:3,0,1,0
BRF:2
BRH:0
end_of_record
