TN:
SF:/Users/allie/Turing/4_Turing_mod/projects/Ballroom-Beats-UI/ballroom-beats/src/components/Dances/Bachata/Bachata.js
FN:36,(anonymous_0)
FN:42,(anonymous_1)
FN:135,(anonymous_2)
FN:142,(anonymous_3)
FN:147,(anonymous_4)
FN:165,(anonymous_5)
FN:185,(anonymous_6)
FN:203,(anonymous_7)
FN:223,(anonymous_8)
FN:241,(anonymous_9)
FN:261,(anonymous_10)
FN:279,(anonymous_11)
FN:302,(anonymous_12)
FNF:13
FNH:0
FNDA:0,(anonymous_0)
FNDA:0,(anonymous_1)
FNDA:0,(anonymous_2)
FNDA:0,(anonymous_3)
FNDA:0,(anonymous_4)
FNDA:0,(anonymous_5)
FNDA:0,(anonymous_6)
FNDA:0,(anonymous_7)
FNDA:0,(anonymous_8)
FNDA:0,(anonymous_9)
FNDA:0,(anonymous_10)
FNDA:0,(anonymous_11)
FNDA:0,(anonymous_12)
DA:13,0
DA:36,0
DA:37,0
DA:42,0
DA:43,0
DA:135,0
DA:136,0
DA:137,0
DA:138,0
DA:142,0
DA:143,0
DA:145,0
DA:147,0
DA:165,0
DA:185,0
DA:203,0
DA:223,0
DA:241,0
DA:261,0
DA:279,0
DA:303,0
DA:330,3
LF:22
LH:1
BRF:0
BRH:0
end_of_record
TN:
SF:/Users/allie/Turing/4_Turing_mod/projects/Ballroom-Beats-UI/ballroom-beats/src/components/Dances/Waltz/Waltz.js
FN:33,(anonymous_0)
FN:39,(anonymous_1)
FN:40,(anonymous_2)
FN:55,(anonymous_3)
FN:111,(anonymous_4)
FN:118,(anonymous_5)
FN:140,(anonymous_6)
FN:160,(anonymous_7)
FN:185,(anonymous_8)
FN:205,(anonymous_9)
FN:226,(anonymous_10)
FN:251,(anonymous_11)
FNF:12
FNH:0
FNDA:0,(anonymous_0)
FNDA:0,(anonymous_1)
FNDA:0,(anonymous_2)
FNDA:0,(anonymous_3)
FNDA:0,(anonymous_4)
FNDA:0,(anonymous_5)
FNDA:0,(anonymous_6)
FNDA:0,(anonymous_7)
FNDA:0,(anonymous_8)
FNDA:0,(anonymous_9)
FNDA:0,(anonymous_10)
FNDA:0,(anonymous_11)
DA:13,0
DA:33,0
DA:34,0
DA:39,0
DA:40,0
DA:41,0
DA:55,0
DA:56,0
DA:57,0
DA:58,0
DA:111,0
DA:112,0
DA:114,0
DA:118,0
DA:140,0
DA:160,0
DA:185,0
DA:205,0
DA:226,0
DA:252,0
DA:263,3
LF:21
LH:1
BRF:0
BRH:0
end_of_record
